- data: '2025-05-31 21:43:37'
  episodio: https://www.youtube.com/watch?v=4IFe5dQkDmE
  etapas:
    highlighter:
      cache: 0
      calls: 1
      input: 3857
      output: 71
      usd: 0.02035
  total_brl: 0.10175000000000001
  total_usd: 0.02035
  usd_brl: 5.0
- data: '2025-05-31 21:48:56'
  episodio: https://www.youtube.com/watch?v=4IFe5dQkDmE
  etapas:
    highlighter:
      cache: 0
      calls: 1
      input: 3857
      output: 81
      usd: 0.0205
  total_brl: 0.10250000000000001
  total_usd: 0.0205
  usd_brl: 5.0
- data: '2025-05-31 21:52:20'
  episodio: https://www.youtube.com/watch?v=4IFe5dQkDmE
  etapas:
    highlighter:
      cache: 0
      calls: 1
      input: 3857
      output: 80
      usd: 0.020485
  total_brl: 0.102425
  total_usd: 0.020485
  usd_brl: 5.0
- data: '2025-05-31 22:22:41'
  episodio: https://www.youtube.com/watch?v=4IFe5dQkDmE
  etapas:
    highlighter:
      cache: 0
      calls: 1
      input: 3857
      output: 87
      usd: 0.02059
  total_brl: 0.10295
  total_usd: 0.02059
  usd_brl: 5.0
- data: '2025-05-31 22:27:54'
  episodio: https://www.youtube.com/watch?v=4IFe5dQkDmE
  etapas:
    highlighter:
      cache: 0
      calls: 1
      input: 3857
      output: 78
      usd: 0.020455
  total_brl: 0.102275
  total_usd: 0.020455
  usd_brl: 5.0
- data: '2025-05-31 22:32:03'
  episodio: https://www.youtube.com/watch?v=4IFe5dQkDmE
  etapas:
    highlighter:
      cache: 0
      calls: 1
      input: 3857
      output: 70
      usd: 0.020335
  total_brl: 0.10167499999999999
  total_usd: 0.020335
  usd_brl: 5.0
- data: '2025-05-31 22:38:53'
  episodio: https://www.youtube.com/watch?v=4IFe5dQkDmE
  etapas:
    highlighter:
      cache: 0
      calls: 1
      input: 3857
      output: 78
      usd: 0.020455
    thumbnail:
      cache: 0
      calls: 3
      input: 0
      output: 0
      usd: 0.12
  total_brl: 0.702275
  total_usd: 0.140455
  usd_brl: 5.0
- data: '2025-05-31 23:03:40'
  episodio: https://www.youtube.com/watch?v=1F6IpoB4M90
  etapas:
    highlighter:
      cache: 0
      calls: 1
      input: 4621
      output: 97
      usd: 0.024560000000000002
    thumbnail:
      cache: 0
      calls: 3
      input: 0
      output: 0
      usd: 0.12
  total_brl: 0.7228
  total_usd: 0.14456
  usd_brl: 5.0
- data: '2025-05-31 23:13:02'
  episodio: https://www.youtube.com/watch?v=1F6IpoB4M90
  etapas:
    highlighter:
      cache: 0
      calls: 1
      input: 4621
      output: 95
      usd: 0.02453
    thumbnail:
      cache: 0
      calls: 3
      input: 0
      output: 0
      usd: 0.12
  total_brl: 0.72265
  total_usd: 0.14453
  usd_brl: 5.0
- data: '2025-05-31 23:27:07'
  episodio: https://www.youtube.com/watch?v=1F6IpoB4M90
  etapas:
    highlighter:
      cache: 0
      calls: 1
      input: 4813
      output: 84
      usd: 0.025325000000000004
    thumbnail:
      cache: 0
      calls: 3
      input: 0
      output: 0
      usd: 0.12
  total_brl: 0.7266250000000001
  total_usd: 0.145325
  usd_brl: 5.0
- data: '2025-05-31 23:40:01'
  episodio: https://www.youtube.com/watch?v=udilUEZZ17s
  etapas:
    highlighter:
      cache: 0
      calls: 1
      input: 1794
      output: 82
      usd: 0.0102
    thumbnail:
      cache: 0
      calls: 3
      input: 0
      output: 0
      usd: 0.12
  total_brl: 0.6509999999999999
  total_usd: 0.13019999999999998
  usd_brl: 5.0
- data: '2025-06-01 10:40:42'
  episodio: https://www.youtube.com/watch?v=udilUEZZ17s
  etapas:
    highlighter:
      cache: 0
      calls: 1
      input: 1796
      output: 90
      usd: 0.01033
  total_brl: 0.05165
  total_usd: 0.01033
  usd_brl: 5.0
- data: '2025-06-01 10:47:42'
  episodio: https://www.youtube.com/watch?v=udilUEZZ17s
  etapas:
    highlighter:
      cache: 0
      calls: 1
      input: 1796
      output: 84
      usd: 0.01024
    thumbnail:
      cache: 0
      calls: 3
      input: 0
      output: 0
      usd: 0.12
  total_brl: 0.6512
  total_usd: 0.13024
  usd_brl: 5.0
- data: '2025-06-01 10:57:45'
  episodio: https://www.youtube.com/watch?v=udilUEZZ17s
  etapas:
    highlighter:
      cache: 0
      calls: 1
      input: 1795
      output: 91
      usd: 0.01034
    thumbnail:
      cache: 0
      calls: 3
      input: 0
      output: 0
      usd: 0.12
  total_brl: 0.6517
  total_usd: 0.13033999999999998
  usd_brl: 5.0
- data: '2025-06-01 11:01:48'
  episodio: https://www.youtube.com/watch?v=udilUEZZ17s
  etapas:
    highlighter:
      cache: 0
      calls: 1
      input: 1781
      output: 36
      usd: 0.009445000000000002
    thumbnail:
      cache: 0
      calls: 0
      input: 0
      output: 0
      usd: 0
  total_brl: 0.04722500000000001
  total_usd: 0.009445000000000002
  usd_brl: 5.0
- data: '2025-06-01 11:09:14'
  episodio: https://www.youtube.com/watch?v=udilUEZZ17s
  etapas:
    highlighter:
      cache: 0
      calls: 1
      input: 1800
      output: 31
      usd: 0.009465000000000001
    thumbnail:
      cache: 0
      calls: 0
      input: 0
      output: 0
      usd: 0
  total_brl: 0.047325000000000006
  total_usd: 0.009465000000000001
  usd_brl: 5.0
- data: '2025-06-01 11:22:13'
  episodio: https://www.youtube.com/watch?v=udilUEZZ17s
  etapas:
    thumbnail:
      cache: 0
      calls: 1
      input: 0
      output: 0
      usd: 0.04
  total_brl: 0.2
  total_usd: 0.04
  usd_brl: 5.0
- data: '2025-06-01 11:38:53'
  episodio: https://www.youtube.com/watch?v=udilUEZZ17s
  etapas:
    highlighter:
      cache: 0
      calls: 1
      input: 1780
      output: 32
      usd: 0.00938
    thumbnail:
      cache: 0
      calls: 1
      input: 0
      output: 0
      usd: 0.04
  total_brl: 0.2469
  total_usd: 0.04938
  usd_brl: 5.0
- data: '2025-06-01 11:47:43'
  episodio: https://www.youtube.com/watch?v=udilUEZZ17s
  etapas:
    highlighter:
      cache: 0
      calls: 1
      input: 1778
      output: 32
      usd: 0.00937
    thumbnail:
      cache: 0
      calls: 1
      input: 0
      output: 0
      usd: 0.04
  total_brl: 0.24684999999999999
  total_usd: 0.04937
  usd_brl: 5.0
- data: '2025-06-01 11:52:23'
  episodio: https://www.youtube.com/watch?v=udilUEZZ17s
  etapas:
    highlighter:
      cache: 0
      calls: 1
      input: 1796
      output: 35
      usd: 0.009505
    thumbnail:
      cache: 0
      calls: 1
      input: 0
      output: 0
      usd: 0.04
  total_brl: 0.247525
  total_usd: 0.049505
  usd_brl: 5.0
- data: '2025-06-01 12:00:36'
  episodio: https://www.youtube.com/watch?v=udilUEZZ17s
  etapas:
    highlighter:
      cache: 0
      calls: 1
      input: 1795
      output: 31
      usd: 0.00944
    thumbnail:
      cache: 0
      calls: 1
      input: 0
      output: 0
      usd: 0.04
  total_brl: 0.24719999999999998
  total_usd: 0.04944
  usd_brl: 5.0
- data: '2025-06-01 12:07:05'
  episodio: https://www.youtube.com/watch?v=udilUEZZ17s
  etapas:
    highlighter:
      cache: 0
      calls: 1
      input: 1800
      output: 29
      usd: 0.009435
    thumbnail:
      cache: 0
      calls: 1
      input: 0
      output: 0
      usd: 0.04
  total_brl: 0.247175
  total_usd: 0.049435
  usd_brl: 5.0
